[debug] [2018-06-08T06:49:29.367Z] ----------------------------------------------------------------------
[debug] [2018-06-08T06:49:29.370Z] Command:       C:\Program Files\nodejs\node.exe C:\Users\jayso\AppData\Roaming\npm\node_modules\firebase-tools\bin\firebase init
[debug] [2018-06-08T06:49:29.371Z] CLI Version:   3.17.7
[debug] [2018-06-08T06:49:29.371Z] Platform:      win32
[debug] [2018-06-08T06:49:29.371Z] Node Version:  v8.9.1
[debug] [2018-06-08T06:49:29.372Z] Time:          Fri Jun 08 2018 07:49:29 GMT+0100 (GMT Summer Time)
[debug] [2018-06-08T06:49:29.372Z] ----------------------------------------------------------------------
[debug] 
[debug] [2018-06-08T06:49:29.393Z] > command requires scopes: ["email","openid","https://www.googleapis.com/auth/cloudplatformprojects.readonly","https://www.googleapis.com/auth/firebase"]
[debug] [2018-06-08T06:49:29.394Z] > authorizing via signed-in user
[info] 
     ######## #### ########  ######## ########     ###     ######  ########
     ##        ##  ##     ## ##       ##     ##  ##   ##  ##       ##
     ######    ##  ########  ######   ########  #########  ######  ######
     ##        ##  ##    ##  ##       ##     ## ##     ##       ## ##
     ##       #### ##     ## ######## ########  ##     ##  ######  ########

You're about to initialize a Firebase project in this directory:

  C:\CalcSteps\CalcSteps

Before we get started, keep in mind:

  * You are currently outside your home directory
  * You are initializing in an existing Firebase project directory

